2016-04-05 14:40:25.744+0000 INFO  [o.n.k.i.f.CommunityFacadeFactory] No locking implementation specified, defaulting to 'community'
2016-04-05 14:40:25.900+0000 INFO  [o.n.k.AvailabilityGuard] Requirement makes database unavailable: Database available
2016-04-05 14:40:25.915+0000 INFO  [o.n.k.i.DiagnosticsManager] --- INITIALIZED diagnostics START ---
2016-04-05 14:40:25.915+0000 INFO  [o.n.k.i.DiagnosticsManager] Neo4j Kernel properties:
2016-04-05 14:40:25.919+0000 INFO  [o.n.k.i.DiagnosticsManager] dbms.security.auth_enabled=true
2016-04-05 14:40:25.919+0000 INFO  [o.n.k.i.DiagnosticsManager] edition=Community
2016-04-05 14:40:25.919+0000 INFO  [o.n.k.i.DiagnosticsManager] org.neo4j.server.http.log.enabled=false
2016-04-05 14:40:25.920+0000 INFO  [o.n.k.i.DiagnosticsManager] org.neo4j.server.webadmin.rrdb.location=data/rrd
2016-04-05 14:40:25.920+0000 INFO  [o.n.k.i.DiagnosticsManager] org.neo4j.server.db.tuning.properties=conf/neo4j.properties
2016-04-05 14:40:25.920+0000 INFO  [o.n.k.i.DiagnosticsManager] dbms.security.tls_certificate_file=conf/ssl/snakeoil.cert
2016-04-05 14:40:25.920+0000 INFO  [o.n.k.i.DiagnosticsManager] org.neo4j.server.webserver.https.keystore.location=data/keystore
2016-04-05 14:40:25.921+0000 INFO  [o.n.k.i.DiagnosticsManager] dbms.querylog.filename=data/log/queries.log
2016-04-05 14:40:25.921+0000 INFO  [o.n.k.i.DiagnosticsManager] dbms.security.tls_key_file=conf/ssl/snakeoil.key
2016-04-05 14:40:25.921+0000 INFO  [o.n.k.i.DiagnosticsManager] org.neo4j.server.database.location=G:/OneDrive/My Projects/FinalYearProject/Code/FinalProject/data/neoDataMillion
2016-04-05 14:40:25.921+0000 INFO  [o.n.k.i.DiagnosticsManager] remote_shell_enabled=true
2016-04-05 14:40:25.922+0000 INFO  [o.n.k.i.DiagnosticsManager] org.neo4j.server.webserver.https.port=7473
2016-04-05 14:40:25.922+0000 INFO  [o.n.k.i.DiagnosticsManager] org.neo4j.server.webserver.port=7474
2016-04-05 14:40:25.922+0000 INFO  [o.n.k.i.DiagnosticsManager] org.neo4j.server.webserver.https.enabled=true
2016-04-05 14:40:25.923+0000 INFO  [o.n.k.i.DiagnosticsManager] org.neo4j.server.http.log.config=conf/neo4j-http-logging.xml
2016-04-05 14:40:25.923+0000 INFO  [o.n.k.i.DiagnosticsManager] Diagnostics providers:
2016-04-05 14:40:25.923+0000 INFO  [o.n.k.i.DiagnosticsManager] org.neo4j.kernel.configuration.Config
2016-04-05 14:40:25.923+0000 INFO  [o.n.k.i.DiagnosticsManager] org.neo4j.kernel.info.DiagnosticsManager
2016-04-05 14:40:25.923+0000 INFO  [o.n.k.i.DiagnosticsManager] SYSTEM_MEMORY
2016-04-05 14:40:25.924+0000 INFO  [o.n.k.i.DiagnosticsManager] JAVA_MEMORY
2016-04-05 14:40:25.924+0000 INFO  [o.n.k.i.DiagnosticsManager] OPERATING_SYSTEM
2016-04-05 14:40:25.924+0000 INFO  [o.n.k.i.DiagnosticsManager] JAVA_VIRTUAL_MACHINE
2016-04-05 14:40:25.924+0000 INFO  [o.n.k.i.DiagnosticsManager] CLASSPATH
2016-04-05 14:40:25.924+0000 INFO  [o.n.k.i.DiagnosticsManager] LIBRARY_PATH
2016-04-05 14:40:25.924+0000 INFO  [o.n.k.i.DiagnosticsManager] SYSTEM_PROPERTIES
2016-04-05 14:40:25.924+0000 INFO  [o.n.k.i.DiagnosticsManager] NETWORK
2016-04-05 14:40:25.925+0000 INFO  [o.n.k.i.DiagnosticsManager] System memory information:
2016-04-05 14:40:25.930+0000 INFO  [o.n.k.i.DiagnosticsManager] Total Physical memory: 7.89 GB
2016-04-05 14:40:25.930+0000 INFO  [o.n.k.i.DiagnosticsManager] Free Physical memory: 3.86 GB
2016-04-05 14:40:25.930+0000 INFO  [o.n.k.i.DiagnosticsManager] Committed virtual memory: 224.06 MB
2016-04-05 14:40:25.931+0000 INFO  [o.n.k.i.DiagnosticsManager] Total swap space: 9.45 GB
2016-04-05 14:40:25.931+0000 INFO  [o.n.k.i.DiagnosticsManager] Free swap space: 3.25 GB
2016-04-05 14:40:25.931+0000 INFO  [o.n.k.i.DiagnosticsManager] JVM memory information:
2016-04-05 14:40:25.932+0000 INFO  [o.n.k.i.DiagnosticsManager] Free  memory: 79.91 MB
2016-04-05 14:40:25.932+0000 INFO  [o.n.k.i.DiagnosticsManager] Total memory: 128.00 MB
2016-04-05 14:40:25.932+0000 INFO  [o.n.k.i.DiagnosticsManager] Max   memory: 1.97 GB
2016-04-05 14:40:25.936+0000 INFO  [o.n.k.i.DiagnosticsManager] Garbage Collector: G1 Young Generation: [G1 Eden Space, G1 Survivor Space]
2016-04-05 14:40:25.936+0000 INFO  [o.n.k.i.DiagnosticsManager] Garbage Collector: G1 Old Generation: [G1 Eden Space, G1 Survivor Space, G1 Old Gen]
2016-04-05 14:40:25.938+0000 INFO  [o.n.k.i.DiagnosticsManager] Memory Pool: Code Cache (Non-heap memory): committed=3.75 MB, used=3.69 MB, max=240.00 MB, threshold=0.00 B
2016-04-05 14:40:25.939+0000 INFO  [o.n.k.i.DiagnosticsManager] Memory Pool: Metaspace (Non-heap memory): committed=12.50 MB, used=12.00 MB, max=-1.00 B, threshold=0.00 B
2016-04-05 14:40:25.940+0000 INFO  [o.n.k.i.DiagnosticsManager] Memory Pool: Compressed Class Space (Non-heap memory): committed=1.75 MB, used=1.62 MB, max=1.00 GB, threshold=0.00 B
2016-04-05 14:40:25.940+0000 INFO  [o.n.k.i.DiagnosticsManager] Memory Pool: G1 Eden Space (Heap memory): committed=76.00 MB, used=40.00 MB, max=-1.00 B, threshold=?
2016-04-05 14:40:25.941+0000 INFO  [o.n.k.i.DiagnosticsManager] Memory Pool: G1 Survivor Space (Heap memory): committed=4.00 MB, used=4.00 MB, max=-1.00 B, threshold=?
2016-04-05 14:40:25.942+0000 INFO  [o.n.k.i.DiagnosticsManager] Memory Pool: G1 Old Gen (Heap memory): committed=48.00 MB, used=2.09 MB, max=1.97 GB, threshold=0.00 B
2016-04-05 14:40:25.942+0000 INFO  [o.n.k.i.DiagnosticsManager] Operating system information:
2016-04-05 14:40:25.943+0000 INFO  [o.n.k.i.DiagnosticsManager] Operating System: Windows 10; version: 10.0; arch: amd64; cpus: 8
2016-04-05 14:40:25.957+0000 INFO  [o.n.k.i.DiagnosticsManager] Process id: 2380@Sarvesh-PC
2016-04-05 14:40:25.957+0000 INFO  [o.n.k.i.DiagnosticsManager] Byte order: LITTLE_ENDIAN
2016-04-05 14:40:25.957+0000 INFO  [o.n.k.i.DiagnosticsManager] Local timezone: Asia/Calcutta
2016-04-05 14:40:25.957+0000 INFO  [o.n.k.i.DiagnosticsManager] JVM information:
2016-04-05 14:40:25.958+0000 INFO  [o.n.k.i.DiagnosticsManager] VM Name: Java HotSpot(TM) 64-Bit Server VM
2016-04-05 14:40:25.958+0000 INFO  [o.n.k.i.DiagnosticsManager] VM Vendor: Oracle Corporation
2016-04-05 14:40:25.959+0000 INFO  [o.n.k.i.DiagnosticsManager] VM Version: 25.60-b23
2016-04-05 14:40:25.959+0000 INFO  [o.n.k.i.DiagnosticsManager] JIT compiler: HotSpot 64-Bit Tiered Compilers
2016-04-05 14:40:25.960+0000 INFO  [o.n.k.i.DiagnosticsManager] VM Arguments: [-Dorg.neo4j.server.properties=conf/neo4j-server.properties, -Dlog4j.configuration=file:conf/log4j.properties, -XX:+UseG1GC, -XX:-OmitStackTraceInFastThrow, -XX:hashCode=5, -Dneo4j.ext.udc.source=zip]
2016-04-05 14:40:25.960+0000 INFO  [o.n.k.i.DiagnosticsManager] Java classpath:
2016-04-05 14:40:25.983+0000 INFO  [o.n.k.i.DiagnosticsManager]  [loader.0] file:/G:/OneDrive/My%20Projects/FinalYearProject/Data/neo4j-community-2.3.2/lib/parboiled-core-1.1.7.jar
2016-04-05 14:40:25.984+0000 INFO  [o.n.k.i.DiagnosticsManager]  [classpath] G:\OneDrive\My Projects\FinalYearProject\Data\neo4j-community-2.3.2\lib\neo4j-graph-matching-2.3.2.jar
2016-04-05 14:40:25.984+0000 INFO  [o.n.k.i.DiagnosticsManager]  [classpath] G:\OneDrive\My Projects\FinalYearProject\Data\neo4j-community-2.3.2\system\lib\mimepull-1.9.3.jar
2016-04-05 14:40:25.984+0000 INFO  [o.n.k.i.DiagnosticsManager]  [classpath] G:\OneDrive\My Projects\FinalYearProject\Data\neo4j-community-2.3.2\system\lib\commons-lang-2.6.jar
2016-04-05 14:40:25.984+0000 INFO  [o.n.k.i.DiagnosticsManager]  [classpath] G:\OneDrive\My Projects\FinalYearProject\Data\neo4j-community-2.3.2\system\lib\jackson-jaxrs-1.9.13.jar
2016-04-05 14:40:25.984+0000 INFO  [o.n.k.i.DiagnosticsManager]  [classpath] G:\OneDrive\My Projects\FinalYearProject\Data\neo4j-community-2.3.2\system\lib\jetty-webapp-9.2.4.v20141103.jar
2016-04-05 14:40:25.984+0000 INFO  [o.n.k.i.DiagnosticsManager]  [loader.0] file:/G:/OneDrive/My%20Projects/FinalYearProject/Data/neo4j-community-2.3.2/system/lib/logback-core-1.1.2.jar
2016-04-05 14:40:25.984+0000 INFO  [o.n.k.i.DiagnosticsManager]  [loader.0] file:/G:/OneDrive/My%20Projects/FinalYearProject/Data/neo4j-community-2.3.2/lib/concurrentlinkedhashmap-lru-1.4.2.jar
2016-04-05 14:40:25.985+0000 INFO  [o.n.k.i.DiagnosticsManager]  [classpath] G:\OneDrive\My Projects\FinalYearProject\Data\neo4j-community-2.3.2\system\lib\bcprov-jdk15on-1.52.jar
2016-04-05 14:40:25.985+0000 INFO  [o.n.k.i.DiagnosticsManager]  [classpath] G:\OneDrive\My Projects\FinalYearProject\Data\neo4j-community-2.3.2\system\lib\jackson-mapper-asl-1.9.13.jar
2016-04-05 14:40:25.985+0000 INFO  [o.n.k.i.DiagnosticsManager]  [classpath] G:\OneDrive\My Projects\FinalYearProject\Data\neo4j-community-2.3.2\system\lib\jersey-servlet-1.19.jar
2016-04-05 14:40:25.986+0000 INFO  [o.n.k.i.DiagnosticsManager]  [classpath] G:\OneDrive\My Projects\FinalYearProject\Data\neo4j-community-2.3.2\system\lib\logback-classic-1.1.2.jar
2016-04-05 14:40:25.986+0000 INFO  [o.n.k.i.DiagnosticsManager]  [bootstrap] C:\Program Files\Java\jre1.8.0_60\lib\rt.jar
2016-04-05 14:40:25.986+0000 INFO  [o.n.k.i.DiagnosticsManager]  [loader.1] file:/C:/Program%20Files/Java/jre1.8.0_60/lib/ext/sunec.jar
2016-04-05 14:40:25.986+0000 INFO  [o.n.k.i.DiagnosticsManager]  [loader.0] file:/G:/OneDrive/My%20Projects/FinalYearProject/Data/neo4j-community-2.3.2/system/lib/jackson-jaxrs-1.9.13.jar
2016-04-05 14:40:25.986+0000 INFO  [o.n.k.i.DiagnosticsManager]  [loader.0] file:/G:/OneDrive/My%20Projects/FinalYearProject/Data/neo4j-community-2.3.2/lib/neo4j-function-2.3.2.jar
2016-04-05 14:40:25.986+0000 INFO  [o.n.k.i.DiagnosticsManager]  [loader.0] file:/G:/OneDrive/My%20Projects/FinalYearProject/Data/neo4j-community-2.3.2/lib/neo4j-kernel-2.3.2.jar
2016-04-05 14:40:25.986+0000 INFO  [o.n.k.i.DiagnosticsManager]  [classpath] G:\OneDrive\My Projects\FinalYearProject\Data\neo4j-community-2.3.2\lib\neo4j-udc-2.3.2.jar
2016-04-05 14:40:25.986+0000 INFO  [o.n.k.i.DiagnosticsManager]  [classpath] G:\OneDrive\My Projects\FinalYearProject\Data\neo4j-community-2.3.2\lib\neo4j-jmx-2.3.2.jar
2016-04-05 14:40:25.986+0000 INFO  [o.n.k.i.DiagnosticsManager]  [loader.1] file:/C:/Program%20Files/Java/jre1.8.0_60/lib/ext/localedata.jar
2016-04-05 14:40:25.986+0000 INFO  [o.n.k.i.DiagnosticsManager]  [loader.1] file:/C:/Program%20Files/Java/jre1.8.0_60/lib/ext/nashorn.jar
2016-04-05 14:40:25.987+0000 INFO  [o.n.k.i.DiagnosticsManager]  [loader.0] file:/G:/OneDrive/My%20Projects/FinalYearProject/Data/neo4j-community-2.3.2/lib/neo4j-shell-2.3.2.jar
2016-04-05 14:40:25.987+0000 INFO  [o.n.k.i.DiagnosticsManager]  [loader.0] file:/G:/OneDrive/My%20Projects/FinalYearProject/Data/neo4j-community-2.3.2/system/lib/asm-5.0.2.jar
2016-04-05 14:40:25.987+0000 INFO  [o.n.k.i.DiagnosticsManager]  [loader.0] file:/G:/OneDrive/My%20Projects/FinalYearProject/Data/neo4j-community-2.3.2/system/lib/logback-access-1.1.2.jar
2016-04-05 14:40:25.987+0000 INFO  [o.n.k.i.DiagnosticsManager]  [bootstrap] C:\Program Files\Java\jre1.8.0_60\lib\sunrsasign.jar
2016-04-05 14:40:25.987+0000 INFO  [o.n.k.i.DiagnosticsManager]  [classpath] G:\OneDrive\My Projects\FinalYearProject\Data\neo4j-community-2.3.2\lib\neo4j-kernel-2.3.2.jar
2016-04-05 14:40:25.987+0000 INFO  [o.n.k.i.DiagnosticsManager]  [loader.0] file:/G:/OneDrive/My%20Projects/FinalYearProject/Data/neo4j-community-2.3.2/lib/neo4j-jmx-2.3.2.jar
2016-04-05 14:40:25.987+0000 INFO  [o.n.k.i.DiagnosticsManager]  [loader.1] file:/C:/Program%20Files/Java/jre1.8.0_60/lib/ext/zipfs.jar
2016-04-05 14:40:25.987+0000 INFO  [o.n.k.i.DiagnosticsManager]  [loader.0] file:/G:/OneDrive/My%20Projects/FinalYearProject/Data/neo4j-community-2.3.2/system/lib/mimepull-1.9.3.jar
2016-04-05 14:40:25.987+0000 INFO  [o.n.k.i.DiagnosticsManager]  [loader.0] file:/G:/OneDrive/My%20Projects/FinalYearProject/Data/neo4j-community-2.3.2/system/lib/bcpkix-jdk15on-1.52.jar
2016-04-05 14:40:25.987+0000 INFO  [o.n.k.i.DiagnosticsManager]  [classpath] G:\OneDrive\My Projects\FinalYearProject\Data\neo4j-community-2.3.2\system\lib\asm-5.0.2.jar
2016-04-05 14:40:25.988+0000 INFO  [o.n.k.i.DiagnosticsManager]  [classpath] G:\OneDrive\My Projects\FinalYearProject\Data\neo4j-community-2.3.2\lib\neo4j-shell-2.3.2.jar
2016-04-05 14:40:25.988+0000 INFO  [o.n.k.i.DiagnosticsManager]  [classpath] G:\OneDrive\My Projects\FinalYearProject\Data\neo4j-community-2.3.2\system\lib\jetty-http-9.2.4.v20141103.jar
2016-04-05 14:40:25.988+0000 INFO  [o.n.k.i.DiagnosticsManager]  [loader.0] file:/G:/OneDrive/My%20Projects/FinalYearProject/Data/neo4j-community-2.3.2/system/lib/netty-all-4.0.28.Final.jar
2016-04-05 14:40:25.988+0000 INFO  [o.n.k.i.DiagnosticsManager]  [loader.0] file:/G:/OneDrive/My%20Projects/FinalYearProject/Data/neo4j-community-2.3.2/system/lib/jetty-security-9.2.4.v20141103.jar
2016-04-05 14:40:25.988+0000 INFO  [o.n.k.i.DiagnosticsManager]  [loader.0] file:/G:/OneDrive/My%20Projects/FinalYearProject/Data/neo4j-community-2.3.2/system/lib/rhino-1.7R4.jar
2016-04-05 14:40:25.988+0000 INFO  [o.n.k.i.DiagnosticsManager]  [loader.0] file:/G:/OneDrive/My%20Projects/FinalYearProject/Data/neo4j-community-2.3.2/lib/neo4j-primitive-collections-2.3.2.jar
2016-04-05 14:40:25.988+0000 INFO  [o.n.k.i.DiagnosticsManager]  [loader.0] file:/G:/OneDrive/My%20Projects/FinalYearProject/Data/neo4j-community-2.3.2/system/lib/jersey-core-1.19.jar
2016-04-05 14:40:25.988+0000 INFO  [o.n.k.i.DiagnosticsManager]  [loader.0] file:/G:/OneDrive/My%20Projects/FinalYearProject/Data/neo4j-community-2.3.2/system/lib/neo4j-browser-2.3.2.jar
2016-04-05 14:40:25.988+0000 INFO  [o.n.k.i.DiagnosticsManager]  [classpath] G:\OneDrive\My Projects\FinalYearProject\Data\neo4j-community-2.3.2\lib\scala-parser-combinators_2.11-1.0.4.jar
2016-04-05 14:40:25.988+0000 INFO  [o.n.k.i.DiagnosticsManager]  [classpath] G:\OneDrive\My Projects\FinalYearProject\Data\neo4j-community-2.3.2\lib\parboiled-scala_2.11-1.1.7.jar
2016-04-05 14:40:25.989+0000 INFO  [o.n.k.i.DiagnosticsManager]  [classpath] G:\OneDrive\My Projects\FinalYearProject\Data\neo4j-community-2.3.2\system\lib\logback-access-1.1.2.jar
2016-04-05 14:40:25.989+0000 INFO  [o.n.k.i.DiagnosticsManager]  [loader.0] file:/G:/OneDrive/My%20Projects/FinalYearProject/Data/neo4j-community-2.3.2/system/lib/jsr311-api-1.1.2.r612.jar
2016-04-05 14:40:25.989+0000 INFO  [o.n.k.i.DiagnosticsManager]  [loader.0] file:/G:/OneDrive/My%20Projects/FinalYearProject/Data/neo4j-community-2.3.2/system/lib/commons-beanutils-1.8.3.jar
2016-04-05 14:40:25.989+0000 INFO  [o.n.k.i.DiagnosticsManager]  [loader.0] file:/G:/OneDrive/My%20Projects/FinalYearProject/Data/neo4j-community-2.3.2/system/lib/jetty-util-9.2.4.v20141103.jar
2016-04-05 14:40:25.989+0000 INFO  [o.n.k.i.DiagnosticsManager]  [bootstrap] C:\Program Files\Java\jre1.8.0_60\lib\resources.jar
2016-04-05 14:40:25.989+0000 INFO  [o.n.k.i.DiagnosticsManager]  [classpath] G:\OneDrive\My Projects\FinalYearProject\Data\neo4j-community-2.3.2\lib\neo4j-cypher-frontend-2.3-2.3.2.jar
2016-04-05 14:40:25.989+0000 INFO  [o.n.k.i.DiagnosticsManager]  [loader.0] file:/G:/OneDrive/My%20Projects/FinalYearProject/Data/neo4j-community-2.3.2/system/lib/slf4j-api-1.7.6.jar
2016-04-05 14:40:25.989+0000 INFO  [o.n.k.i.DiagnosticsManager]  [loader.0] file:/G:/OneDrive/My%20Projects/FinalYearProject/Data/neo4j-community-2.3.2/lib/commons-lang3-3.3.2.jar
2016-04-05 14:40:25.989+0000 INFO  [o.n.k.i.DiagnosticsManager]  [loader.0] file:/G:/OneDrive/My%20Projects/FinalYearProject/Data/neo4j-community-2.3.2/system/lib/jetty-xml-9.2.4.v20141103.jar
2016-04-05 14:40:25.989+0000 INFO  [o.n.k.i.DiagnosticsManager]  [classpath] G:\OneDrive\My Projects\FinalYearProject\Data\neo4j-community-2.3.2\lib\commons-lang3-3.3.2.jar
2016-04-05 14:40:25.989+0000 INFO  [o.n.k.i.DiagnosticsManager]  [loader.1] file:/C:/Program%20Files/Java/jre1.8.0_60/lib/ext/dnsns.jar
2016-04-05 14:40:25.990+0000 INFO  [o.n.k.i.DiagnosticsManager]  [classpath] G:\OneDrive\My Projects\FinalYearProject\Data\neo4j-community-2.3.2\system\lib\jersey-core-1.19.jar
2016-04-05 14:40:25.990+0000 INFO  [o.n.k.i.DiagnosticsManager]  [loader.0] file:/G:/OneDrive/My%20Projects/FinalYearProject/Data/neo4j-community-2.3.2/lib/neo4j-logging-2.3.2.jar
2016-04-05 14:40:25.990+0000 INFO  [o.n.k.i.DiagnosticsManager]  [loader.0] file:/G:/OneDrive/My%20Projects/FinalYearProject/Data/neo4j-community-2.3.2/conf/
2016-04-05 14:40:25.990+0000 INFO  [o.n.k.i.DiagnosticsManager]  [loader.0] file:/G:/OneDrive/My%20Projects/FinalYearProject/Data/neo4j-community-2.3.2/lib/neo4j-cypher-compiler-1.9_2.11-2.0.5.jar
2016-04-05 14:40:25.990+0000 INFO  [o.n.k.i.DiagnosticsManager]  [classpath] G:\OneDrive\My Projects\FinalYearProject\Data\neo4j-community-2.3.2\system\lib\neo4j-browser-2.3.2.jar
2016-04-05 14:40:25.990+0000 INFO  [o.n.k.i.DiagnosticsManager]  [loader.0] file:/G:/OneDrive/My%20Projects/FinalYearProject/Data/neo4j-community-2.3.2/lib/neo4j-lucene-index-2.3.2.jar
2016-04-05 14:40:25.990+0000 INFO  [o.n.k.i.DiagnosticsManager]  [loader.0] file:/G:/OneDrive/My%20Projects/FinalYearProject/Data/neo4j-community-2.3.2/lib/jline-2.12.jar
2016-04-05 14:40:25.990+0000 INFO  [o.n.k.i.DiagnosticsManager]  [loader.1] file:/C:/Program%20Files/Java/jre1.8.0_60/lib/ext/access-bridge-64.jar
2016-04-05 14:40:25.990+0000 INFO  [o.n.k.i.DiagnosticsManager]  [classpath] G:\OneDrive\My Projects\FinalYearProject\Data\neo4j-community-2.3.2\system\lib\commons-configuration-1.10.jar
2016-04-05 14:40:25.991+0000 INFO  [o.n.k.i.DiagnosticsManager]  [classpath] G:\OneDrive\My Projects\FinalYearProject\Data\neo4j-community-2.3.2\lib\neo4j-logging-2.3.2.jar
2016-04-05 14:40:25.991+0000 INFO  [o.n.k.i.DiagnosticsManager]  [classpath] G:\OneDrive\My Projects\FinalYearProject\Data\neo4j-community-2.3.2\system\lib\rrd4j-2.2.jar
2016-04-05 14:40:25.991+0000 INFO  [o.n.k.i.DiagnosticsManager]  [loader.0] file:/G:/OneDrive/My%20Projects/FinalYearProject/Data/neo4j-community-2.3.2/system/lib/jetty-webapp-9.2.4.v20141103.jar
2016-04-05 14:40:25.991+0000 INFO  [o.n.k.i.DiagnosticsManager]  [classpath] G:\OneDrive\My Projects\FinalYearProject\Data\neo4j-community-2.3.2\system\lib\commons-digester-2.1.jar
2016-04-05 14:40:25.991+0000 INFO  [o.n.k.i.DiagnosticsManager]  [classpath] G:\OneDrive\My Projects\FinalYearProject\Data\neo4j-community-2.3.2\system\lib\jetty-servlet-9.2.4.v20141103.jar
2016-04-05 14:40:25.991+0000 INFO  [o.n.k.i.DiagnosticsManager]  [loader.0] file:/G:/OneDrive/My%20Projects/FinalYearProject/Data/neo4j-community-2.3.2/system/lib/rrd4j-2.2.jar
2016-04-05 14:40:25.991+0000 INFO  [o.n.k.i.DiagnosticsManager]  [classpath] G:\OneDrive\My Projects\FinalYearProject\Data\neo4j-community-2.3.2\system\lib\jetty-xml-9.2.4.v20141103.jar
2016-04-05 14:40:25.991+0000 INFO  [o.n.k.i.DiagnosticsManager]  [bootstrap] C:\Program Files\Java\jre1.8.0_60\lib\charsets.jar
2016-04-05 14:40:25.992+0000 INFO  [o.n.k.i.DiagnosticsManager]  [classpath] G:\OneDrive\My Projects\FinalYearProject\Data\neo4j-community-2.3.2\system\lib\jetty-io-9.2.4.v20141103.jar
2016-04-05 14:40:25.992+0000 INFO  [o.n.k.i.DiagnosticsManager]  [loader.0] file:/G:/OneDrive/My%20Projects/FinalYearProject/Data/neo4j-community-2.3.2/lib/neo4j-graph-algo-2.3.2.jar
2016-04-05 14:40:25.992+0000 INFO  [o.n.k.i.DiagnosticsManager]  [classpath] G:\OneDrive\My Projects\FinalYearProject\Data\neo4j-community-2.3.2\system\lib\jetty-security-9.2.4.v20141103.jar
2016-04-05 14:40:25.992+0000 INFO  [o.n.k.i.DiagnosticsManager]  [loader.0] file:/G:/OneDrive/My%20Projects/FinalYearProject/Data/neo4j-community-2.3.2/lib/neo4j-unsafe-2.3.2.jar
2016-04-05 14:40:25.992+0000 INFO  [o.n.k.i.DiagnosticsManager]  [classpath] G:\OneDrive\My Projects\FinalYearProject\Data\neo4j-community-2.3.2\lib\neo4j-cypher-compiler-2.2_2.11-2.2.6.jar
2016-04-05 14:40:25.992+0000 INFO  [o.n.k.i.DiagnosticsManager]  [classpath] G:\OneDrive\My Projects\FinalYearProject\Data\neo4j-community-2.3.2\system\lib\bcpkix-jdk15on-1.52.jar
2016-04-05 14:40:25.992+0000 INFO  [o.n.k.i.DiagnosticsManager]  [classpath] G:\OneDrive\My Projects\FinalYearProject\Data\neo4j-community-2.3.2\system\lib\jersey-server-1.19.jar
2016-04-05 14:40:25.992+0000 INFO  [o.n.k.i.DiagnosticsManager]  [classpath] G:\OneDrive\My Projects\FinalYearProject\Data\neo4j-community-2.3.2\lib\neo4j-unsafe-2.3.2.jar
2016-04-05 14:40:25.992+0000 INFO  [o.n.k.i.DiagnosticsManager]  [loader.0] file:/G:/OneDrive/My%20Projects/FinalYearProject/Data/neo4j-community-2.3.2/system/lib/commons-lang-2.6.jar
2016-04-05 14:40:25.993+0000 INFO  [o.n.k.i.DiagnosticsManager]  [loader.0] file:/G:/OneDrive/My%20Projects/FinalYearProject/Data/neo4j-community-2.3.2/lib/parboiled-scala_2.11-1.1.7.jar
2016-04-05 14:40:25.993+0000 INFO  [o.n.k.i.DiagnosticsManager]  [classpath] G:\OneDrive\My Projects\FinalYearProject\Data\neo4j-community-2.3.2\lib\scala-reflect-2.11.7.jar
2016-04-05 14:40:25.993+0000 INFO  [o.n.k.i.DiagnosticsManager]  [loader.0] file:/G:/OneDrive/My%20Projects/FinalYearProject/Data/neo4j-community-2.3.2/lib/neo4j-consistency-check-2.3.2.jar
2016-04-05 14:40:25.993+0000 INFO  [o.n.k.i.DiagnosticsManager]  [loader.1] file:/C:/Program%20Files/Java/jre1.8.0_60/lib/ext/jaccess.jar
2016-04-05 14:40:25.993+0000 INFO  [o.n.k.i.DiagnosticsManager]  [classpath] G:\OneDrive\My Projects\FinalYearProject\Data\neo4j-community-2.3.2\conf
2016-04-05 14:40:25.993+0000 INFO  [o.n.k.i.DiagnosticsManager]  [bootstrap] C:\Program Files\Java\jre1.8.0_60\classes
2016-04-05 14:40:25.993+0000 INFO  [o.n.k.i.DiagnosticsManager]  [loader.0] file:/G:/OneDrive/My%20Projects/FinalYearProject/Data/neo4j-community-2.3.2/system/lib/bcprov-jdk15on-1.52.jar
2016-04-05 14:40:25.993+0000 INFO  [o.n.k.i.DiagnosticsManager]  [loader.0] file:/G:/OneDrive/My%20Projects/FinalYearProject/Data/neo4j-community-2.3.2/system/lib/neo4j-server-2.3.2-static-web.jar
2016-04-05 14:40:25.993+0000 INFO  [o.n.k.i.DiagnosticsManager]  [classpath] G:\OneDrive\My Projects\FinalYearProject\Data\neo4j-community-2.3.2\lib\concurrentlinkedhashmap-lru-1.4.2.jar
2016-04-05 14:40:25.993+0000 INFO  [o.n.k.i.DiagnosticsManager]  [loader.0] file:/G:/OneDrive/My%20Projects/FinalYearProject/Data/neo4j-community-2.3.2/system/lib/jetty-server-9.2.4.v20141103.jar
2016-04-05 14:40:25.993+0000 INFO  [o.n.k.i.DiagnosticsManager]  [classpath] G:\OneDrive\My Projects\FinalYearProject\Data\neo4j-community-2.3.2\lib\neo4j-lucene-index-2.3.2.jar
2016-04-05 14:40:25.993+0000 INFO  [o.n.k.i.DiagnosticsManager]  [classpath] G:\OneDrive\My Projects\FinalYearProject\Data\neo4j-community-2.3.2\lib\server-api-2.3.2.jar
2016-04-05 14:40:25.994+0000 INFO  [o.n.k.i.DiagnosticsManager]  [loader.0] file:/G:/OneDrive/My%20Projects/FinalYearProject/Data/neo4j-community-2.3.2/lib/lucene-core-3.6.2.jar
2016-04-05 14:40:25.994+0000 INFO  [o.n.k.i.DiagnosticsManager]  [loader.0] file:/G:/OneDrive/My%20Projects/FinalYearProject/Data/neo4j-community-2.3.2/system/lib/commons-logging-1.1.1.jar
2016-04-05 14:40:25.994+0000 INFO  [o.n.k.i.DiagnosticsManager]  [loader.0] file:/G:/OneDrive/My%20Projects/FinalYearProject/Data/neo4j-community-2.3.2/system/lib/jersey-multipart-1.19.jar
2016-04-05 14:40:25.994+0000 INFO  [o.n.k.i.DiagnosticsManager]  [classpath] G:\OneDrive\My Projects\FinalYearProject\Data\neo4j-community-2.3.2\system\lib\jetty-util-9.2.4.v20141103.jar
2016-04-05 14:40:25.994+0000 INFO  [o.n.k.i.DiagnosticsManager]  [loader.1] file:/C:/Program%20Files/Java/jre1.8.0_60/lib/ext/sunmscapi.jar
2016-04-05 14:40:25.994+0000 INFO  [o.n.k.i.DiagnosticsManager]  [classpath] G:\OneDrive\My Projects\FinalYearProject\Data\neo4j-community-2.3.2\lib\neo4j-consistency-check-legacy-2.3.2.jar
2016-04-05 14:40:25.994+0000 INFO  [o.n.k.i.DiagnosticsManager]  [loader.0] file:/G:/OneDrive/My%20Projects/FinalYearProject/Data/neo4j-community-2.3.2/lib/neo4j-cypher-2.3.2.jar
2016-04-05 14:40:25.994+0000 INFO  [o.n.k.i.DiagnosticsManager]  [loader.0] file:/G:/OneDrive/My%20Projects/FinalYearProject/Data/neo4j-community-2.3.2/system/lib/commons-io-2.4.jar
2016-04-05 14:40:25.994+0000 INFO  [o.n.k.i.DiagnosticsManager]  [loader.0] file:/G:/OneDrive/My%20Projects/FinalYearProject/Data/neo4j-community-2.3.2/
2016-04-05 14:40:25.994+0000 INFO  [o.n.k.i.DiagnosticsManager]  [loader.0] file:/G:/OneDrive/My%20Projects/FinalYearProject/Data/neo4j-community-2.3.2/system/lib/jetty-io-9.2.4.v20141103.jar
2016-04-05 14:40:25.995+0000 INFO  [o.n.k.i.DiagnosticsManager]  [classpath] G:\OneDrive\My Projects\FinalYearProject\Data\neo4j-community-2.3.2\system\lib\jackson-core-asl-1.9.13.jar
2016-04-05 14:40:25.995+0000 INFO  [o.n.k.i.DiagnosticsManager]  [classpath] G:\OneDrive\My Projects\FinalYearProject\Data\neo4j-community-2.3.2\system\lib\neo4j-server-2.3.2-static-web.jar
2016-04-05 14:40:25.995+0000 INFO  [o.n.k.i.DiagnosticsManager]  [classpath] G:\OneDrive\My Projects\FinalYearProject\Data\neo4j-community-2.3.2\system\lib\neo4j-server-2.3.2.jar
2016-04-05 14:40:25.995+0000 INFO  [o.n.k.i.DiagnosticsManager]  [classpath] G:\OneDrive\My Projects\FinalYearProject\Data\neo4j-community-2.3.2\lib\lucene-core-3.6.2.jar
2016-04-05 14:40:25.995+0000 INFO  [o.n.k.i.DiagnosticsManager]  [classpath] G:\OneDrive\My Projects\FinalYearProject\Data\neo4j-community-2.3.2\lib\neo4j-cypher-compiler-2.3-2.3.2.jar
2016-04-05 14:40:25.995+0000 INFO  [o.n.k.i.DiagnosticsManager]  [loader.0] file:/G:/OneDrive/My%20Projects/FinalYearProject/Data/neo4j-community-2.3.2/lib/neo4j-import-tool-2.3.2.jar
2016-04-05 14:40:25.995+0000 INFO  [o.n.k.i.DiagnosticsManager]  [classpath] G:\OneDrive\My Projects\FinalYearProject\Data\neo4j-community-2.3.2\lib\neo4j-csv-2.3.2.jar
2016-04-05 14:40:25.995+0000 INFO  [o.n.k.i.DiagnosticsManager]  [classpath] G:\OneDrive\My Projects\FinalYearProject\Data\neo4j-community-2.3.2\lib\neo4j-function-2.3.2.jar
2016-04-05 14:40:25.995+0000 INFO  [o.n.k.i.DiagnosticsManager]  [loader.0] file:/G:/OneDrive/My%20Projects/FinalYearProject/Data/neo4j-community-2.3.2/lib/neo4j-udc-2.3.2.jar
2016-04-05 14:40:25.996+0000 INFO  [o.n.k.i.DiagnosticsManager]  [loader.0] file:/G:/OneDrive/My%20Projects/FinalYearProject/Data/neo4j-community-2.3.2/system/lib/jackson-core-asl-1.9.13.jar
2016-04-05 14:40:25.996+0000 INFO  [o.n.k.i.DiagnosticsManager]  [bootstrap] C:\Program Files\Java\jre1.8.0_60\lib\jce.jar
2016-04-05 14:40:25.996+0000 INFO  [o.n.k.i.DiagnosticsManager]  [loader.0] file:/G:/OneDrive/My%20Projects/FinalYearProject/Data/neo4j-community-2.3.2/lib/neo4j-io-2.3.2.jar
2016-04-05 14:40:25.996+0000 INFO  [o.n.k.i.DiagnosticsManager]  [classpath] G:\OneDrive\My Projects\FinalYearProject\Data\neo4j-community-2.3.2\system\lib\jsr311-api-1.1.2.r612.jar
2016-04-05 14:40:25.996+0000 INFO  [o.n.k.i.DiagnosticsManager]  [classpath] G:\OneDrive\My Projects\FinalYearProject\Data\neo4j-community-2.3.2\system\lib\logback-core-1.1.2.jar
2016-04-05 14:40:25.996+0000 INFO  [o.n.k.i.DiagnosticsManager]  [loader.0] file:/G:/OneDrive/My%20Projects/FinalYearProject/Data/neo4j-community-2.3.2/lib/neo4j-csv-2.3.2.jar
2016-04-05 14:40:25.996+0000 INFO  [o.n.k.i.DiagnosticsManager]  [classpath] G:\OneDrive\My Projects\FinalYearProject\Data\neo4j-community-2.3.2\system\lib\slf4j-api-1.7.6.jar
2016-04-05 14:40:25.997+0000 INFO  [o.n.k.i.DiagnosticsManager]  [loader.0] file:/G:/OneDrive/My%20Projects/FinalYearProject/Data/neo4j-community-2.3.2/lib/neo4j-codegen-2.3.2.jar
2016-04-05 14:40:25.997+0000 INFO  [o.n.k.i.DiagnosticsManager]  [loader.0] file:/G:/OneDrive/My%20Projects/FinalYearProject/Data/neo4j-community-2.3.2/lib/neo4j-consistency-check-legacy-2.3.2.jar
2016-04-05 14:40:25.997+0000 INFO  [o.n.k.i.DiagnosticsManager]  [loader.1] file:/C:/Program%20Files/Java/jre1.8.0_60/lib/ext/sunpkcs11.jar
2016-04-05 14:40:25.997+0000 INFO  [o.n.k.i.DiagnosticsManager]  [classpath] G:\OneDrive\My Projects\FinalYearProject\Data\neo4j-community-2.3.2\lib\neo4j-cypher-2.3.2.jar
2016-04-05 14:40:25.997+0000 INFO  [o.n.k.i.DiagnosticsManager]  [loader.0] file:/G:/OneDrive/My%20Projects/FinalYearProject/Data/neo4j-community-2.3.2/lib/neo4j-cypher-frontend-2.3-2.3.2.jar
2016-04-05 14:40:25.997+0000 INFO  [o.n.k.i.DiagnosticsManager]  [loader.0] file:/G:/OneDrive/My%20Projects/FinalYearProject/Data/neo4j-community-2.3.2/system/lib/jersey-server-1.19.jar
2016-04-05 14:40:25.997+0000 INFO  [o.n.k.i.DiagnosticsManager]  [classpath] G:\OneDrive\My Projects\FinalYearProject\Data\neo4j-community-2.3.2\system\lib\netty-all-4.0.28.Final.jar
2016-04-05 14:40:25.997+0000 INFO  [o.n.k.i.DiagnosticsManager]  [classpath] G:\OneDrive\My Projects\FinalYearProject\Data\neo4j-community-2.3.2\lib\neo4j-io-2.3.2.jar
2016-04-05 14:40:25.997+0000 INFO  [o.n.k.i.DiagnosticsManager]  [classpath] G:\OneDrive\My Projects\FinalYearProject\Data\neo4j-community-2.3.2\system\lib\rhino-1.7R4.jar
2016-04-05 14:40:25.997+0000 INFO  [o.n.k.i.DiagnosticsManager]  [loader.0] file:/G:/OneDrive/My%20Projects/FinalYearProject/Data/neo4j-community-2.3.2/system/lib/commons-configuration-1.10.jar
2016-04-05 14:40:25.997+0000 INFO  [o.n.k.i.DiagnosticsManager]  [classpath] G:\OneDrive\My Projects\FinalYearProject\Data\neo4j-community-2.3.2\lib\neo4j-codegen-2.3.2.jar
2016-04-05 14:40:25.997+0000 INFO  [o.n.k.i.DiagnosticsManager]  [classpath] G:\OneDrive\My Projects\FinalYearProject\Data\neo4j-community-2.3.2\lib\neo4j-consistency-check-2.3.2.jar
2016-04-05 14:40:25.998+0000 INFO  [o.n.k.i.DiagnosticsManager]  [classpath] G:\OneDrive\My Projects\FinalYearProject\Data\neo4j-community-2.3.2\lib\neo4j-import-tool-2.3.2.jar
2016-04-05 14:40:25.998+0000 INFO  [o.n.k.i.DiagnosticsManager]  [classpath] G:\OneDrive\My Projects\FinalYearProject\Data\neo4j-community-2.3.2\system\lib\commons-beanutils-1.8.3.jar
2016-04-05 14:40:25.998+0000 INFO  [o.n.k.i.DiagnosticsManager]  [classpath] G:\OneDrive\My Projects\FinalYearProject\Data\neo4j-community-2.3.2\system\lib\commons-logging-1.1.1.jar
2016-04-05 14:40:25.998+0000 INFO  [o.n.k.i.DiagnosticsManager]  [loader.1] file:/C:/Program%20Files/Java/jre1.8.0_60/lib/ext/cldrdata.jar
2016-04-05 14:40:25.998+0000 INFO  [o.n.k.i.DiagnosticsManager]  [loader.0] file:/G:/OneDrive/My%20Projects/FinalYearProject/Data/neo4j-community-2.3.2/system/lib/neo4j-server-2.3.2.jar
2016-04-05 14:40:25.998+0000 INFO  [o.n.k.i.DiagnosticsManager]  [loader.0] file:/G:/OneDrive/My%20Projects/FinalYearProject/Data/neo4j-community-2.3.2/system/lib/logback-classic-1.1.2.jar
2016-04-05 14:40:25.998+0000 INFO  [o.n.k.i.DiagnosticsManager]  [loader.1] file:/C:/Program%20Files/Java/jre1.8.0_60/lib/ext/sunjce_provider.jar
2016-04-05 14:40:25.998+0000 INFO  [o.n.k.i.DiagnosticsManager]  [classpath] G:\OneDrive\My Projects\FinalYearProject\Data\neo4j-community-2.3.2\lib\opencsv-2.3.jar
2016-04-05 14:40:25.998+0000 INFO  [o.n.k.i.DiagnosticsManager]  [classpath] G:\OneDrive\My Projects\FinalYearProject\Data\neo4j-community-2.3.2\system\lib\javax.servlet-api-3.1.0.jar
2016-04-05 14:40:25.998+0000 INFO  [o.n.k.i.DiagnosticsManager]  [loader.1] file:/C:/Program%20Files/Java/jre1.8.0_60/lib/ext/jfxrt.jar
2016-04-05 14:40:25.998+0000 INFO  [o.n.k.i.DiagnosticsManager]  [bootstrap] C:\Program Files\Java\jre1.8.0_60\lib\jsse.jar
2016-04-05 14:40:25.999+0000 INFO  [o.n.k.i.DiagnosticsManager]  [classpath] G:\OneDrive\My Projects\FinalYearProject\Data\neo4j-community-2.3.2\lib\jline-2.12.jar
2016-04-05 14:40:25.999+0000 INFO  [o.n.k.i.DiagnosticsManager]  [loader.0] file:/G:/OneDrive/My%20Projects/FinalYearProject/Data/neo4j-community-2.3.2/system/lib/jackson-mapper-asl-1.9.13.jar
2016-04-05 14:40:25.999+0000 INFO  [o.n.k.i.DiagnosticsManager]  [loader.0] file:/G:/OneDrive/My%20Projects/FinalYearProject/Data/neo4j-community-2.3.2/lib/server-api-2.3.2.jar
2016-04-05 14:40:25.999+0000 INFO  [o.n.k.i.DiagnosticsManager]  [loader.0] file:/G:/OneDrive/My%20Projects/FinalYearProject/Data/neo4j-community-2.3.2/system/lib/jetty-servlet-9.2.4.v20141103.jar
2016-04-05 14:40:25.999+0000 INFO  [o.n.k.i.DiagnosticsManager]  [classpath] G:\OneDrive\My Projects\FinalYearProject\Data\neo4j-community-2.3.2\system\lib\commons-io-2.4.jar
2016-04-05 14:40:25.999+0000 INFO  [o.n.k.i.DiagnosticsManager]  [classpath] G:\OneDrive\My Projects\FinalYearProject\Data\neo4j-community-2.3.2\system\lib\jetty-server-9.2.4.v20141103.jar
2016-04-05 14:40:25.999+0000 INFO  [o.n.k.i.DiagnosticsManager]  [loader.0] file:/G:/OneDrive/My%20Projects/FinalYearProject/Data/neo4j-community-2.3.2/lib/neo4j-graph-matching-2.3.2.jar
2016-04-05 14:40:25.999+0000 INFO  [o.n.k.i.DiagnosticsManager]  [bootstrap] C:\Program Files\Java\jre1.8.0_60\lib\jfr.jar
2016-04-05 14:40:25.999+0000 INFO  [o.n.k.i.DiagnosticsManager]  [loader.0] file:/G:/OneDrive/My%20Projects/FinalYearProject/Data/neo4j-community-2.3.2/lib/scala-parser-combinators_2.11-1.0.4.jar
2016-04-05 14:40:25.999+0000 INFO  [o.n.k.i.DiagnosticsManager]  [classpath] G:\OneDrive\My Projects\FinalYearProject\Data\neo4j-community-2.3.2\lib\neo4j-graph-algo-2.3.2.jar
2016-04-05 14:40:25.999+0000 INFO  [o.n.k.i.DiagnosticsManager]  [classpath] G:\OneDrive\My Projects\FinalYearProject\Data\neo4j-community-2.3.2\lib\parboiled-core-1.1.7.jar
2016-04-05 14:40:26.000+0000 INFO  [o.n.k.i.DiagnosticsManager]  [loader.0] file:/G:/OneDrive/My%20Projects/FinalYearProject/Data/neo4j-community-2.3.2/system/lib/jersey-servlet-1.19.jar
2016-04-05 14:40:26.000+0000 INFO  [o.n.k.i.DiagnosticsManager]  [loader.0] file:/G:/OneDrive/My%20Projects/FinalYearProject/Data/neo4j-community-2.3.2/lib/scala-reflect-2.11.7.jar
2016-04-05 14:40:26.000+0000 INFO  [o.n.k.i.DiagnosticsManager]  [classpath] G:\OneDrive\My Projects\FinalYearProject\Data\neo4j-community-2.3.2\lib\neo4j-cypher-compiler-1.9_2.11-2.0.5.jar
2016-04-05 14:40:26.000+0000 INFO  [o.n.k.i.DiagnosticsManager]  [loader.0] file:/G:/OneDrive/My%20Projects/FinalYearProject/Data/neo4j-community-2.3.2/system/lib/javax.servlet-api-3.1.0.jar
2016-04-05 14:40:26.000+0000 INFO  [o.n.k.i.DiagnosticsManager]  [classpath] G:\OneDrive\My Projects\FinalYearProject\Data\neo4j-community-2.3.2\lib\neo4j-primitive-collections-2.3.2.jar
2016-04-05 14:40:26.000+0000 INFO  [o.n.k.i.DiagnosticsManager]  [loader.0] file:/G:/OneDrive/My%20Projects/FinalYearProject/Data/neo4j-community-2.3.2/lib/neo4j-cypher-compiler-2.3-2.3.2.jar
2016-04-05 14:40:26.000+0000 INFO  [o.n.k.i.DiagnosticsManager]  [classpath] G:\OneDrive\My Projects\FinalYearProject\Data\neo4j-community-2.3.2\lib\scala-library-2.11.7.jar
2016-04-05 14:40:26.000+0000 INFO  [o.n.k.i.DiagnosticsManager]  [loader.0] file:/G:/OneDrive/My%20Projects/FinalYearProject/Data/neo4j-community-2.3.2/system/lib/commons-digester-2.1.jar
2016-04-05 14:40:26.000+0000 INFO  [o.n.k.i.DiagnosticsManager]  [loader.0] file:/G:/OneDrive/My%20Projects/FinalYearProject/Data/neo4j-community-2.3.2/lib/opencsv-2.3.jar
2016-04-05 14:40:26.000+0000 INFO  [o.n.k.i.DiagnosticsManager]  [loader.0] file:/G:/OneDrive/My%20Projects/FinalYearProject/Data/neo4j-community-2.3.2/lib/scala-library-2.11.7.jar
2016-04-05 14:40:26.001+0000 INFO  [o.n.k.i.DiagnosticsManager]  [classpath] G:\OneDrive\My Projects\FinalYearProject\Data\neo4j-community-2.3.2\system\lib\jersey-multipart-1.19.jar
2016-04-05 14:40:26.001+0000 INFO  [o.n.k.i.DiagnosticsManager]  [loader.0] file:/G:/OneDrive/My%20Projects/FinalYearProject/Data/neo4j-community-2.3.2/lib/neo4j-cypher-compiler-2.2_2.11-2.2.6.jar
2016-04-05 14:40:26.001+0000 INFO  [o.n.k.i.DiagnosticsManager]  [loader.0] file:/G:/OneDrive/My%20Projects/FinalYearProject/Data/neo4j-community-2.3.2/system/lib/jetty-http-9.2.4.v20141103.jar
2016-04-05 14:40:26.001+0000 INFO  [o.n.k.i.DiagnosticsManager] Library path:
2016-04-05 14:40:26.002+0000 INFO  [o.n.k.i.DiagnosticsManager] C:\Program Files\Java\jre1.8.0_60\bin
2016-04-05 14:40:26.002+0000 INFO  [o.n.k.i.DiagnosticsManager] C:\Windows\Sun\Java\bin
2016-04-05 14:40:26.003+0000 INFO  [o.n.k.i.DiagnosticsManager] C:\Windows\System32
2016-04-05 14:40:26.003+0000 INFO  [o.n.k.i.DiagnosticsManager] C:\Windows
2016-04-05 14:40:26.004+0000 INFO  [o.n.k.i.DiagnosticsManager] C:\ProgramData\Oracle\Java\javapath
2016-04-05 14:40:26.004+0000 INFO  [o.n.k.i.DiagnosticsManager] C:\Program Files (x86)\HP SimplePass\x64
2016-04-05 14:40:26.005+0000 INFO  [o.n.k.i.DiagnosticsManager] C:\Program Files (x86)\HP SimplePass
2016-04-05 14:40:26.005+0000 INFO  [o.n.k.i.DiagnosticsManager] C:\Program Files (x86)\Intel\iCLS Client
2016-04-05 14:40:26.006+0000 INFO  [o.n.k.i.DiagnosticsManager] C:\Program Files\Intel\iCLS Client
2016-04-05 14:40:26.006+0000 INFO  [o.n.k.i.DiagnosticsManager] C:\Windows\System32
2016-04-05 14:40:26.006+0000 INFO  [o.n.k.i.DiagnosticsManager] C:\Windows
2016-04-05 14:40:26.007+0000 INFO  [o.n.k.i.DiagnosticsManager] C:\Windows\System32\wbem
2016-04-05 14:40:26.009+0000 INFO  [o.n.k.i.DiagnosticsManager] C:\Windows\System32\WindowsPowerShell\v1.0
2016-04-05 14:40:26.010+0000 INFO  [o.n.k.i.DiagnosticsManager] C:\Program Files (x86)\Windows Live\Shared
2016-04-05 14:40:26.011+0000 INFO  [o.n.k.i.DiagnosticsManager] C:\Program Files\Intel\Intel(R) Management Engine Components\DAL
2016-04-05 14:40:26.012+0000 INFO  [o.n.k.i.DiagnosticsManager] C:\Program Files\Intel\Intel(R) Management Engine Components\IPT
2016-04-05 14:40:26.013+0000 INFO  [o.n.k.i.DiagnosticsManager] C:\Program Files (x86)\Intel\Intel(R) Management Engine Components\DAL
2016-04-05 14:40:26.013+0000 INFO  [o.n.k.i.DiagnosticsManager] C:\Program Files (x86)\Intel\Intel(R) Management Engine Components\IPT
2016-04-05 14:40:26.014+0000 INFO  [o.n.k.i.DiagnosticsManager] C:\Program Files (x86)\Intel\OpenCL SDK\2.0\bin\x86
2016-04-05 14:40:26.015+0000 INFO  [o.n.k.i.DiagnosticsManager] C:\Program Files (x86)\Intel\OpenCL SDK\2.0\bin\x64
2016-04-05 14:40:26.016+0000 INFO  [o.n.k.i.DiagnosticsManager] C:\Program Files\Java\jdk1.8.0_60\bin
2016-04-05 14:40:26.016+0000 INFO  [o.n.k.i.DiagnosticsManager] C:\Program Files (x86)\CodeBlocks\MinGW\bin
2016-04-05 14:40:26.017+0000 INFO  [o.n.k.i.DiagnosticsManager] C:\Program Files\Apache Software Foundation\apache-maven-3.3.9\bin
2016-04-05 14:40:26.017+0000 INFO  [o.n.k.i.DiagnosticsManager] C:\Program Files\Java\jdk1.8.0_60\bin
2016-04-05 14:40:26.017+0000 INFO  [o.n.k.i.DiagnosticsManager] C:\Program Files (x86)\CodeBlocks\MinGW\bin
2016-04-05 14:40:26.018+0000 INFO  [o.n.k.i.DiagnosticsManager] G:\OneDrive\My Projects\FinalYearProject\Data\neo4j-community-2.3.2
2016-04-05 14:40:26.018+0000 INFO  [o.n.k.i.DiagnosticsManager] System.properties:
2016-04-05 14:40:26.018+0000 INFO  [o.n.k.i.DiagnosticsManager] sun.boot.library.path = C:\Program Files\Java\jre1.8.0_60\bin
2016-04-05 14:40:26.019+0000 INFO  [o.n.k.i.DiagnosticsManager] org.neo4j.server.properties = conf/neo4j-server.properties
2016-04-05 14:40:26.019+0000 INFO  [o.n.k.i.DiagnosticsManager] path.separator = ;
2016-04-05 14:40:26.019+0000 INFO  [o.n.k.i.DiagnosticsManager] file.encoding.pkg = sun.io
2016-04-05 14:40:26.019+0000 INFO  [o.n.k.i.DiagnosticsManager] user.country = US
2016-04-05 14:40:26.019+0000 INFO  [o.n.k.i.DiagnosticsManager] user.script = 
2016-04-05 14:40:26.019+0000 INFO  [o.n.k.i.DiagnosticsManager] sun.java.launcher = SUN_STANDARD
2016-04-05 14:40:26.019+0000 INFO  [o.n.k.i.DiagnosticsManager] sun.os.patch.level = 
2016-04-05 14:40:26.019+0000 INFO  [o.n.k.i.DiagnosticsManager] user.dir = G:\OneDrive\My Projects\FinalYearProject\Data\neo4j-community-2.3.2
2016-04-05 14:40:26.019+0000 INFO  [o.n.k.i.DiagnosticsManager] neo4j.ext.udc.source = zip
2016-04-05 14:40:26.020+0000 INFO  [o.n.k.i.DiagnosticsManager] user.variant = 
2016-04-05 14:40:26.020+0000 INFO  [o.n.k.i.DiagnosticsManager] log4j.configuration = file:conf/log4j.properties
2016-04-05 14:40:26.020+0000 INFO  [o.n.k.i.DiagnosticsManager] sun.jnu.encoding = Cp1252
2016-04-05 14:40:26.020+0000 INFO  [o.n.k.i.DiagnosticsManager] sun.management.compiler = HotSpot 64-Bit Tiered Compilers
2016-04-05 14:40:26.020+0000 INFO  [o.n.k.i.DiagnosticsManager] user.home = C:\Users\Impulse
2016-04-05 14:40:26.020+0000 INFO  [o.n.k.i.DiagnosticsManager] user.timezone = Asia/Calcutta
2016-04-05 14:40:26.020+0000 INFO  [o.n.k.i.DiagnosticsManager] file.encoding = Cp1252
2016-04-05 14:40:26.020+0000 INFO  [o.n.k.i.DiagnosticsManager] user.name = Impulse
2016-04-05 14:40:26.020+0000 INFO  [o.n.k.i.DiagnosticsManager] sun.java.command = org.neo4j.server.CommunityBootstrapper
2016-04-05 14:40:26.020+0000 INFO  [o.n.k.i.DiagnosticsManager] sun.arch.data.model = 64
2016-04-05 14:40:26.020+0000 INFO  [o.n.k.i.DiagnosticsManager] user.language = en
2016-04-05 14:40:26.020+0000 INFO  [o.n.k.i.DiagnosticsManager] awt.toolkit = sun.awt.windows.WToolkit
2016-04-05 14:40:26.021+0000 INFO  [o.n.k.i.DiagnosticsManager] file.separator = \
2016-04-05 14:40:26.021+0000 INFO  [o.n.k.i.DiagnosticsManager] sun.io.unicode.encoding = UnicodeLittle
2016-04-05 14:40:26.021+0000 INFO  [o.n.k.i.DiagnosticsManager] sun.cpu.endian = little
2016-04-05 14:40:26.021+0000 INFO  [o.n.k.i.DiagnosticsManager] sun.desktop = windows
2016-04-05 14:40:26.021+0000 INFO  [o.n.k.i.DiagnosticsManager] sun.cpu.isalist = amd64
2016-04-05 14:40:26.021+0000 INFO  [o.n.k.i.DiagnosticsManager] Network information:
2016-04-05 14:40:26.289+0000 INFO  [o.n.k.i.DiagnosticsManager] Interface Software Loopback Interface 1:
2016-04-05 14:40:26.290+0000 INFO  [o.n.k.i.DiagnosticsManager]     address: 127.0.0.1
2016-04-05 14:40:26.291+0000 INFO  [o.n.k.i.DiagnosticsManager]     address: 0:0:0:0:0:0:0:1
2016-04-05 14:40:26.291+0000 INFO  [o.n.k.i.DiagnosticsManager] Interface WAN Miniport (IKEv2):
2016-04-05 14:40:26.291+0000 INFO  [o.n.k.i.DiagnosticsManager] Interface WAN Miniport (PPPOE):
2016-04-05 14:40:26.291+0000 INFO  [o.n.k.i.DiagnosticsManager] Interface Microsoft ISATAP Adapter #2:
2016-04-05 14:40:26.292+0000 INFO  [o.n.k.i.DiagnosticsManager] Interface Microsoft ISATAP Adapter #4:
2016-04-05 14:40:26.292+0000 INFO  [o.n.k.i.DiagnosticsManager] Interface WAN Miniport (IP):
2016-04-05 14:40:26.292+0000 INFO  [o.n.k.i.DiagnosticsManager] Interface WAN Miniport (SSTP):
2016-04-05 14:40:26.292+0000 INFO  [o.n.k.i.DiagnosticsManager] Interface WAN Miniport (Network Monitor):
2016-04-05 14:40:26.292+0000 INFO  [o.n.k.i.DiagnosticsManager] Interface Microsoft ISATAP Adapter:
2016-04-05 14:40:26.292+0000 INFO  [o.n.k.i.DiagnosticsManager] Interface Microsoft ISATAP Adapter #5:
2016-04-05 14:40:26.293+0000 INFO  [o.n.k.i.DiagnosticsManager]     address: fe80:0:0:0:0:5efe:c0a8:305%net5
2016-04-05 14:40:26.293+0000 INFO  [o.n.k.i.DiagnosticsManager] Interface WAN Miniport (IPv6):
2016-04-05 14:40:26.293+0000 INFO  [o.n.k.i.DiagnosticsManager] Interface Microsoft Kernel Debug Network Adapter:
2016-04-05 14:40:26.293+0000 INFO  [o.n.k.i.DiagnosticsManager] Interface Bluetooth Device (RFCOMM Protocol TDI):
2016-04-05 14:40:26.293+0000 INFO  [o.n.k.i.DiagnosticsManager] Interface Bluetooth Device (Personal Area Network):
2016-04-05 14:40:26.293+0000 INFO  [o.n.k.i.DiagnosticsManager]     address: fe80:0:0:0:bc31:585f:7add:e057%eth4
2016-04-05 14:40:26.294+0000 INFO  [o.n.k.i.DiagnosticsManager] Interface WAN Miniport (PPTP):
2016-04-05 14:40:26.294+0000 INFO  [o.n.k.i.DiagnosticsManager] Interface VirtualBox Host-Only Ethernet Adapter:
2016-04-05 14:40:26.294+0000 INFO  [o.n.k.i.DiagnosticsManager] Interface Realtek PCIe GBE Family Controller:
2016-04-05 14:40:26.294+0000 INFO  [o.n.k.i.DiagnosticsManager]     address: 192.168.3.5
2016-04-05 14:40:26.294+0000 INFO  [o.n.k.i.DiagnosticsManager]     address: fe80:0:0:0:80:41ca:25ce:40fb%eth6
2016-04-05 14:40:26.294+0000 INFO  [o.n.k.i.DiagnosticsManager] Interface Ralink RT3290 802.11bgn Wi-Fi Adapter:
2016-04-05 14:40:26.295+0000 INFO  [o.n.k.i.DiagnosticsManager]     address: fe80:0:0:0:49f6:2048:9ffe:318f%wlan0
2016-04-05 14:40:26.295+0000 INFO  [o.n.k.i.DiagnosticsManager] Interface Teredo Tunneling Pseudo-Interface:
2016-04-05 14:40:26.295+0000 INFO  [o.n.k.i.DiagnosticsManager] Interface Microsoft Hosted Network Virtual Adapter:
2016-04-05 14:40:26.295+0000 INFO  [o.n.k.i.DiagnosticsManager] Interface Microsoft Wi-Fi Direct Virtual Adapter:
2016-04-05 14:40:26.295+0000 INFO  [o.n.k.i.DiagnosticsManager]     address: fe80:0:0:0:e479:d0c8:7706:b1cb%wlan2
2016-04-05 14:40:26.296+0000 INFO  [o.n.k.i.DiagnosticsManager] Interface WAN Miniport (L2TP):
2016-04-05 14:40:26.296+0000 INFO  [o.n.k.i.DiagnosticsManager] Interface TAP-Win32 Adapter V9:
2016-04-05 14:40:26.296+0000 INFO  [o.n.k.i.DiagnosticsManager]     address: fe80:0:0:0:e07e:bf08:ef5d:4fed%eth7
2016-04-05 14:40:26.296+0000 INFO  [o.n.k.i.DiagnosticsManager] Interface TAP-Win32 Adapter V9-WFP Native MAC Layer LightWeight Filter-0000:
2016-04-05 14:40:26.296+0000 INFO  [o.n.k.i.DiagnosticsManager] Interface TAP-Win32 Adapter V9-WinpkFilter NDIS LightWeight Filter-0000:
2016-04-05 14:40:26.296+0000 INFO  [o.n.k.i.DiagnosticsManager] Interface TAP-Win32 Adapter V9-QoS Packet Scheduler-0000:
2016-04-05 14:40:26.296+0000 INFO  [o.n.k.i.DiagnosticsManager] Interface TAP-Win32 Adapter V9-WFP 802.3 MAC Layer LightWeight Filter-0000:
2016-04-05 14:40:26.297+0000 INFO  [o.n.k.i.DiagnosticsManager] Interface Realtek PCIe GBE Family Controller-WFP Native MAC Layer LightWeight Filter-0000:
2016-04-05 14:40:26.297+0000 INFO  [o.n.k.i.DiagnosticsManager] Interface Realtek PCIe GBE Family Controller-WinpkFilter NDIS LightWeight Filter-0000:
2016-04-05 14:40:26.297+0000 INFO  [o.n.k.i.DiagnosticsManager] Interface Realtek PCIe GBE Family Controller-QoS Packet Scheduler-0000:
2016-04-05 14:40:26.297+0000 INFO  [o.n.k.i.DiagnosticsManager] Interface Realtek PCIe GBE Family Controller-WFP 802.3 MAC Layer LightWeight Filter-0000:
2016-04-05 14:40:26.297+0000 INFO  [o.n.k.i.DiagnosticsManager] Interface Ralink RT3290 802.11bgn Wi-Fi Adapter-WFP Native MAC Layer LightWeight Filter-0000:
2016-04-05 14:40:26.297+0000 INFO  [o.n.k.i.DiagnosticsManager] Interface Ralink RT3290 802.11bgn Wi-Fi Adapter-Virtual WiFi Filter Driver-0000:
2016-04-05 14:40:26.298+0000 INFO  [o.n.k.i.DiagnosticsManager] Interface Ralink RT3290 802.11bgn Wi-Fi Adapter-Native WiFi Filter Driver-0000:
2016-04-05 14:40:26.298+0000 INFO  [o.n.k.i.DiagnosticsManager] Interface Ralink RT3290 802.11bgn Wi-Fi Adapter-WinpkFilter NDIS LightWeight Filter-0000:
2016-04-05 14:40:26.298+0000 INFO  [o.n.k.i.DiagnosticsManager] Interface Ralink RT3290 802.11bgn Wi-Fi Adapter-QoS Packet Scheduler-0000:
2016-04-05 14:40:26.298+0000 INFO  [o.n.k.i.DiagnosticsManager] Interface Ralink RT3290 802.11bgn Wi-Fi Adapter-WFP 802.3 MAC Layer LightWeight Filter-0000:
2016-04-05 14:40:26.298+0000 INFO  [o.n.k.i.DiagnosticsManager] Interface WAN Miniport (IP)-WFP Native MAC Layer LightWeight Filter-0000:
2016-04-05 14:40:26.298+0000 INFO  [o.n.k.i.DiagnosticsManager] Interface WAN Miniport (IP)-WinpkFilter NDIS LightWeight Filter-0000:
2016-04-05 14:40:26.298+0000 INFO  [o.n.k.i.DiagnosticsManager] Interface WAN Miniport (IP)-QoS Packet Scheduler-0000:
2016-04-05 14:40:26.299+0000 INFO  [o.n.k.i.DiagnosticsManager] Interface WAN Miniport (IPv6)-WFP Native MAC Layer LightWeight Filter-0000:
2016-04-05 14:40:26.299+0000 INFO  [o.n.k.i.DiagnosticsManager] Interface WAN Miniport (IPv6)-WinpkFilter NDIS LightWeight Filter-0000:
2016-04-05 14:40:26.299+0000 INFO  [o.n.k.i.DiagnosticsManager] Interface WAN Miniport (IPv6)-QoS Packet Scheduler-0000:
2016-04-05 14:40:26.299+0000 INFO  [o.n.k.i.DiagnosticsManager] Interface WAN Miniport (Network Monitor)-WFP Native MAC Layer LightWeight Filter-0000:
2016-04-05 14:40:26.299+0000 INFO  [o.n.k.i.DiagnosticsManager] Interface WAN Miniport (Network Monitor)-WinpkFilter NDIS LightWeight Filter-0000:
2016-04-05 14:40:26.299+0000 INFO  [o.n.k.i.DiagnosticsManager] Interface WAN Miniport (Network Monitor)-QoS Packet Scheduler-0000:
2016-04-05 14:40:26.299+0000 INFO  [o.n.k.i.DiagnosticsManager] Interface Microsoft Wi-Fi Direct Virtual Adapter-WFP Native MAC Layer LightWeight Filter-0000:
2016-04-05 14:40:26.300+0000 INFO  [o.n.k.i.DiagnosticsManager] Interface Microsoft Wi-Fi Direct Virtual Adapter-Native WiFi Filter Driver-0000:
2016-04-05 14:40:26.300+0000 INFO  [o.n.k.i.DiagnosticsManager] Interface Microsoft Wi-Fi Direct Virtual Adapter-WinpkFilter NDIS LightWeight Filter-0000:
2016-04-05 14:40:26.300+0000 INFO  [o.n.k.i.DiagnosticsManager] Interface Microsoft Wi-Fi Direct Virtual Adapter-QoS Packet Scheduler-0000:
2016-04-05 14:40:26.300+0000 INFO  [o.n.k.i.DiagnosticsManager] Interface Microsoft Wi-Fi Direct Virtual Adapter-WFP 802.3 MAC Layer LightWeight Filter-0000:
2016-04-05 14:40:26.300+0000 INFO  [o.n.k.i.DiagnosticsManager] --- INITIALIZED diagnostics END ---
2016-04-05 14:40:33.179+0000 INFO  [o.n.k.a.i.i.LuceneLabelScanStore] No lucene scan store index found, this might just be first use. Preparing to rebuild.
2016-04-05 14:40:33.317+0000 INFO  [o.n.k.NeoStoreDataSource] Opened logical log [G:\OneDrive\My Projects\FinalYearProject\Code\FinalProject\data\neoDataMillion\neostore.transaction.db.0] version=0, lastTxId=1 (clean)
2016-04-05 14:40:33.335+0000 WARN  [o.n.k.i.s.MetaDataStore] Missing counts store, rebuilding it.
2016-04-05 14:40:33.517+0000 INFO  [o.n.k.a.i.i.LuceneLabelScanStore] Rebuilding lucene scan store, this may take a while
2016-04-05 14:40:33.520+0000 INFO  [o.n.k.a.i.i.LuceneLabelScanStore] Lucene scan store rebuilt (roughly -1 nodes)
2016-04-05 14:40:33.529+0000 INFO  [o.n.k.KernelHealth] Kernel health set to OK
2016-04-05 14:40:35.293+0000 INFO  [o.n.k.AvailabilityGuard] Fulfilling of requirement makes database available: Database available
2016-04-05 14:40:35.294+0000 INFO  [o.n.k.i.f.CommunityFacadeFactory] Database is now ready
2016-04-05 14:40:35.297+0000 INFO  [o.n.k.i.DiagnosticsManager] --- STARTED diagnostics for KernelDiagnostics:Versions START ---
2016-04-05 14:40:35.297+0000 INFO  [o.n.k.i.DiagnosticsManager] Graph Database: Community StoreId{creationTime=1459867232802, randomId=4683786640988649458, storeVersion=15250506225055238, upgradeTime=1459867232802, upgradeId=1}
2016-04-05 14:40:35.298+0000 INFO  [o.n.k.i.DiagnosticsManager] Kernel version: 2.3.2,30a48a0
2016-04-05 14:40:35.298+0000 INFO  [o.n.k.i.DiagnosticsManager] --- STARTED diagnostics for KernelDiagnostics:Versions END ---
2016-04-05 14:40:35.303+0000 INFO  [o.n.k.i.DiagnosticsManager] --- STARTED diagnostics for NEO_STORE_VERSIONS START ---
2016-04-05 14:40:35.303+0000 INFO  [o.n.k.i.DiagnosticsManager] Store versions:
2016-04-05 14:40:35.304+0000 INFO  [o.n.k.i.DiagnosticsManager] Store versions:
2016-04-05 14:40:35.304+0000 INFO  [o.n.k.i.DiagnosticsManager] ArrayPropertyStore v0.A.6
2016-04-05 14:40:35.304+0000 INFO  [o.n.k.i.DiagnosticsManager] NodeStore v0.A.6
2016-04-05 14:40:35.304+0000 INFO  [o.n.k.i.DiagnosticsManager] StringPropertyStore v0.A.6
2016-04-05 14:40:35.304+0000 INFO  [o.n.k.i.DiagnosticsManager] PropertyIndexStore v0.A.6
2016-04-05 14:40:35.305+0000 INFO  [o.n.k.i.DiagnosticsManager] StringPropertyStore v0.A.6
2016-04-05 14:40:35.305+0000 INFO  [o.n.k.i.DiagnosticsManager] ArrayPropertyStore v0.A.6
2016-04-05 14:40:35.305+0000 INFO  [o.n.k.i.DiagnosticsManager] PropertyStore v0.A.6
2016-04-05 14:40:35.305+0000 INFO  [o.n.k.i.DiagnosticsManager] RelationshipStore v0.A.6
2016-04-05 14:40:35.305+0000 INFO  [o.n.k.i.DiagnosticsManager] StringPropertyStore v0.A.6
2016-04-05 14:40:35.305+0000 INFO  [o.n.k.i.DiagnosticsManager] RelationshipTypeStore v0.A.6
2016-04-05 14:40:35.305+0000 INFO  [o.n.k.i.DiagnosticsManager] StringPropertyStore v0.A.6
2016-04-05 14:40:35.306+0000 INFO  [o.n.k.i.DiagnosticsManager] LabelTokenStore v0.A.6
2016-04-05 14:40:35.306+0000 INFO  [o.n.k.i.DiagnosticsManager] SchemaStore v0.A.6
2016-04-05 14:40:35.306+0000 INFO  [o.n.k.i.DiagnosticsManager] RelationshipGroupStore v0.A.6
2016-04-05 14:40:35.306+0000 INFO  [o.n.k.i.DiagnosticsManager] NeoStore v0.A.6
2016-04-05 14:40:35.306+0000 INFO  [o.n.k.i.DiagnosticsManager] --- STARTED diagnostics for NEO_STORE_VERSIONS END ---
2016-04-05 14:40:35.307+0000 INFO  [o.n.k.i.DiagnosticsManager] --- STARTED diagnostics for NEO_STORE_ID_USAGE START ---
2016-04-05 14:40:35.307+0000 INFO  [o.n.k.i.DiagnosticsManager] Id usage:
2016-04-05 14:40:35.307+0000 INFO  [o.n.k.i.DiagnosticsManager] Id usage:
2016-04-05 14:40:35.308+0000 INFO  [o.n.k.i.DiagnosticsManager]   ArrayPropertyStore v0.A.6: used=1 high=0
2016-04-05 14:40:35.308+0000 INFO  [o.n.k.i.DiagnosticsManager]   NodeStore v0.A.6: used=0 high=-1
2016-04-05 14:40:35.309+0000 INFO  [o.n.k.i.DiagnosticsManager]   StringPropertyStore v0.A.6: used=1 high=0
2016-04-05 14:40:35.309+0000 INFO  [o.n.k.i.DiagnosticsManager]   PropertyIndexStore v0.A.6: used=0 high=-1
2016-04-05 14:40:35.310+0000 INFO  [o.n.k.i.DiagnosticsManager]   StringPropertyStore v0.A.6: used=1 high=0
2016-04-05 14:40:35.310+0000 INFO  [o.n.k.i.DiagnosticsManager]   ArrayPropertyStore v0.A.6: used=1 high=0
2016-04-05 14:40:35.311+0000 INFO  [o.n.k.i.DiagnosticsManager]   PropertyStore v0.A.6: used=0 high=-1
2016-04-05 14:40:35.311+0000 INFO  [o.n.k.i.DiagnosticsManager]   RelationshipStore v0.A.6: used=0 high=-1
2016-04-05 14:40:35.311+0000 INFO  [o.n.k.i.DiagnosticsManager]   StringPropertyStore v0.A.6: used=1 high=0
2016-04-05 14:40:35.312+0000 INFO  [o.n.k.i.DiagnosticsManager]   RelationshipTypeStore v0.A.6: used=0 high=-1
2016-04-05 14:40:35.312+0000 INFO  [o.n.k.i.DiagnosticsManager]   StringPropertyStore v0.A.6: used=1 high=0
2016-04-05 14:40:35.312+0000 INFO  [o.n.k.i.DiagnosticsManager]   LabelTokenStore v0.A.6: used=0 high=-1
2016-04-05 14:40:35.313+0000 INFO  [o.n.k.i.DiagnosticsManager]   SchemaStore v0.A.6: used=1 high=0
2016-04-05 14:40:35.313+0000 INFO  [o.n.k.i.DiagnosticsManager]   RelationshipGroupStore v0.A.6: used=1 high=0
2016-04-05 14:40:35.313+0000 INFO  [o.n.k.i.DiagnosticsManager]   NeoStore v0.A.6: used=13 high=12
2016-04-05 14:40:35.314+0000 INFO  [o.n.k.i.DiagnosticsManager] --- STARTED diagnostics for NEO_STORE_ID_USAGE END ---
2016-04-05 14:40:35.314+0000 INFO  [o.n.k.i.DiagnosticsManager] --- STARTED diagnostics for NEO_STORE_RECORDS START ---
2016-04-05 14:40:35.314+0000 INFO  [o.n.k.i.DiagnosticsManager] Neostore records:
2016-04-05 14:40:35.315+0000 INFO  [o.n.k.i.DiagnosticsManager] TIME (Creation time): 1459867232802
2016-04-05 14:40:35.316+0000 INFO  [o.n.k.i.DiagnosticsManager] RANDOM_NUMBER (Random number for store id): 4683786640988649458
2016-04-05 14:40:35.316+0000 INFO  [o.n.k.i.DiagnosticsManager] LOG_VERSION (Current log version): 0
2016-04-05 14:40:35.316+0000 INFO  [o.n.k.i.DiagnosticsManager] LAST_TRANSACTION_ID (Last committed transaction): 1
2016-04-05 14:40:35.316+0000 INFO  [o.n.k.i.DiagnosticsManager] STORE_VERSION (Store format version): 15250506225055238
2016-04-05 14:40:35.316+0000 INFO  [o.n.k.i.DiagnosticsManager] FIRST_GRAPH_PROPERTY (First property record containing graph properties): -1
2016-04-05 14:40:35.316+0000 INFO  [o.n.k.i.DiagnosticsManager] LAST_CONSTRAINT_TRANSACTION (Last committed transaction containing constraint changes): 0
2016-04-05 14:40:35.317+0000 INFO  [o.n.k.i.DiagnosticsManager] UPGRADE_TRANSACTION_ID (Transaction id most recent upgrade was performed at): 1
2016-04-05 14:40:35.317+0000 INFO  [o.n.k.i.DiagnosticsManager] UPGRADE_TIME (Time of last upgrade): 1459867232802
2016-04-05 14:40:35.317+0000 INFO  [o.n.k.i.DiagnosticsManager] LAST_TRANSACTION_CHECKSUM (Checksum of last committed transaction): 0
2016-04-05 14:40:35.317+0000 INFO  [o.n.k.i.DiagnosticsManager] UPGRADE_TRANSACTION_CHECKSUM (Checksum of transaction id the most recent upgrade was performed at): 0
2016-04-05 14:40:35.317+0000 INFO  [o.n.k.i.DiagnosticsManager] LAST_CLOSED_TRANSACTION_LOG_VERSION (Log version where the last transaction commit entry has been written into): 0
2016-04-05 14:40:35.317+0000 INFO  [o.n.k.i.DiagnosticsManager] LAST_CLOSED_TRANSACTION_LOG_BYTE_OFFSET (Byte offset in the log file where the last transaction commit entry has been written into): 16
2016-04-05 14:40:35.318+0000 INFO  [o.n.k.i.DiagnosticsManager] --- STARTED diagnostics for NEO_STORE_RECORDS END ---
2016-04-05 14:40:35.318+0000 INFO  [o.n.k.i.DiagnosticsManager] --- STARTED diagnostics for TRANSACTION_RANGE START ---
2016-04-05 14:40:35.318+0000 INFO  [o.n.k.i.DiagnosticsManager] Transaction log:
2016-04-05 14:40:35.320+0000 INFO  [o.n.k.i.DiagnosticsManager] No transactions found in any log
2016-04-05 14:40:35.321+0000 INFO  [o.n.k.i.DiagnosticsManager] --- STARTED diagnostics for TRANSACTION_RANGE END ---
2016-04-05 14:40:35.321+0000 INFO  [o.n.k.i.DiagnosticsManager] --- STARTED diagnostics for KernelDiagnostics:StoreFiles START ---
2016-04-05 14:40:35.325+0000 INFO  [o.n.k.i.DiagnosticsManager] Disk space on partition (Total / Free / Free %): 482865049600 / 107694694400 / 22
Storage files: (filename : modification date - size)
2016-04-05 14:40:35.327+0000 INFO  [o.n.k.i.DiagnosticsManager]   index:
2016-04-05 14:40:35.328+0000 INFO  [o.n.k.i.DiagnosticsManager]   - Total: 2016-04-05T20:10:33+0530 - 0.00 B
2016-04-05 14:40:35.336+0000 INFO  [o.n.k.i.DiagnosticsManager]   messages.log: 2016-04-05T20:10:25+0530 - 55.82 kB
2016-04-05 14:40:35.337+0000 INFO  [o.n.k.i.DiagnosticsManager]   neostore: 2016-04-05T20:10:32+0530 - 8.00 kB
2016-04-05 14:40:35.339+0000 INFO  [o.n.k.i.DiagnosticsManager]   neostore.counts.db.a: 2016-04-05T20:10:33+0530 - 96.00 B
2016-04-05 14:40:35.340+0000 INFO  [o.n.k.i.DiagnosticsManager]   neostore.id: 2016-04-05T20:10:32+0530 - 9.00 B
2016-04-05 14:40:35.341+0000 INFO  [o.n.k.i.DiagnosticsManager]   neostore.labeltokenstore.db: 2016-04-05T20:10:32+0530 - 0.00 B
2016-04-05 14:40:35.342+0000 INFO  [o.n.k.i.DiagnosticsManager]   neostore.labeltokenstore.db.id: 2016-04-05T20:10:32+0530 - 9.00 B
2016-04-05 14:40:35.342+0000 INFO  [o.n.k.i.DiagnosticsManager]   neostore.labeltokenstore.db.names: 2016-04-05T20:10:32+0530 - 8.00 kB
2016-04-05 14:40:35.343+0000 INFO  [o.n.k.i.DiagnosticsManager]   neostore.labeltokenstore.db.names.id: 2016-04-05T20:10:32+0530 - 9.00 B
2016-04-05 14:40:35.344+0000 INFO  [o.n.k.i.DiagnosticsManager]   neostore.nodestore.db: 2016-04-05T20:10:27+0530 - 0.00 B
2016-04-05 14:40:35.345+0000 INFO  [o.n.k.i.DiagnosticsManager]   neostore.nodestore.db.id: 2016-04-05T20:10:27+0530 - 9.00 B
2016-04-05 14:40:35.346+0000 INFO  [o.n.k.i.DiagnosticsManager]   neostore.nodestore.db.labels: 2016-04-05T20:10:27+0530 - 8.00 kB
2016-04-05 14:40:35.347+0000 INFO  [o.n.k.i.DiagnosticsManager]   neostore.nodestore.db.labels.id: 2016-04-05T20:10:27+0530 - 9.00 B
2016-04-05 14:40:35.348+0000 INFO  [o.n.k.i.DiagnosticsManager]   neostore.propertystore.db: 2016-04-05T20:10:30+0530 - 0.00 B
2016-04-05 14:40:35.349+0000 INFO  [o.n.k.i.DiagnosticsManager]   neostore.propertystore.db.arrays: 2016-04-05T20:10:29+0530 - 8.00 kB
2016-04-05 14:40:35.350+0000 INFO  [o.n.k.i.DiagnosticsManager]   neostore.propertystore.db.arrays.id: 2016-04-05T20:10:29+0530 - 9.00 B
2016-04-05 14:40:35.351+0000 INFO  [o.n.k.i.DiagnosticsManager]   neostore.propertystore.db.id: 2016-04-05T20:10:30+0530 - 9.00 B
2016-04-05 14:40:35.352+0000 INFO  [o.n.k.i.DiagnosticsManager]   neostore.propertystore.db.index: 2016-04-05T20:10:28+0530 - 0.00 B
2016-04-05 14:40:35.353+0000 INFO  [o.n.k.i.DiagnosticsManager]   neostore.propertystore.db.index.id: 2016-04-05T20:10:28+0530 - 9.00 B
2016-04-05 14:40:35.353+0000 INFO  [o.n.k.i.DiagnosticsManager]   neostore.propertystore.db.index.keys: 2016-04-05T20:10:28+0530 - 8.00 kB
2016-04-05 14:40:35.354+0000 INFO  [o.n.k.i.DiagnosticsManager]   neostore.propertystore.db.index.keys.id: 2016-04-05T20:10:28+0530 - 9.00 B
2016-04-05 14:40:35.355+0000 INFO  [o.n.k.i.DiagnosticsManager]   neostore.propertystore.db.strings: 2016-04-05T20:10:29+0530 - 8.00 kB
2016-04-05 14:40:35.356+0000 INFO  [o.n.k.i.DiagnosticsManager]   neostore.propertystore.db.strings.id: 2016-04-05T20:10:29+0530 - 9.00 B
2016-04-05 14:40:35.356+0000 INFO  [o.n.k.i.DiagnosticsManager]   neostore.relationshipgroupstore.db: 2016-04-05T20:10:32+0530 - 8.00 kB
2016-04-05 14:40:35.358+0000 INFO  [o.n.k.i.DiagnosticsManager]   neostore.relationshipgroupstore.db.id: 2016-04-05T20:10:32+0530 - 9.00 B
2016-04-05 14:40:35.358+0000 INFO  [o.n.k.i.DiagnosticsManager]   neostore.relationshipstore.db: 2016-04-05T20:10:30+0530 - 0.00 B
2016-04-05 14:40:35.359+0000 INFO  [o.n.k.i.DiagnosticsManager]   neostore.relationshipstore.db.id: 2016-04-05T20:10:30+0530 - 9.00 B
2016-04-05 14:40:35.360+0000 INFO  [o.n.k.i.DiagnosticsManager]   neostore.relationshiptypestore.db: 2016-04-05T20:10:31+0530 - 0.00 B
2016-04-05 14:40:35.362+0000 INFO  [o.n.k.i.DiagnosticsManager]   neostore.relationshiptypestore.db.id: 2016-04-05T20:10:31+0530 - 9.00 B
2016-04-05 14:40:35.363+0000 INFO  [o.n.k.i.DiagnosticsManager]   neostore.relationshiptypestore.db.names: 2016-04-05T20:10:31+0530 - 8.00 kB
2016-04-05 14:40:35.363+0000 INFO  [o.n.k.i.DiagnosticsManager]   neostore.relationshiptypestore.db.names.id: 2016-04-05T20:10:31+0530 - 9.00 B
2016-04-05 14:40:35.364+0000 INFO  [o.n.k.i.DiagnosticsManager]   neostore.schemastore.db: 2016-04-05T20:10:32+0530 - 8.00 kB
2016-04-05 14:40:35.364+0000 INFO  [o.n.k.i.DiagnosticsManager]   neostore.schemastore.db.id: 2016-04-05T20:10:32+0530 - 9.00 B
2016-04-05 14:40:35.365+0000 INFO  [o.n.k.i.DiagnosticsManager]   neostore.transaction.db.0: 2016-04-05T20:10:33+0530 - 16.00 B
2016-04-05 14:40:35.365+0000 INFO  [o.n.k.i.DiagnosticsManager]   schema:
2016-04-05 14:40:35.366+0000 INFO  [o.n.k.i.DiagnosticsManager]     label:
2016-04-05 14:40:35.366+0000 INFO  [o.n.k.i.DiagnosticsManager]       lucene:
2016-04-05 14:40:35.367+0000 INFO  [o.n.k.i.DiagnosticsManager]         write.lock: 2016-04-05T20:10:33+0530 - 0.00 B
2016-04-05 14:40:35.367+0000 INFO  [o.n.k.i.DiagnosticsManager]       - Total: 2016-04-05T20:10:33+0530 - 0.00 B
2016-04-05 14:40:35.368+0000 INFO  [o.n.k.i.DiagnosticsManager]     - Total: 2016-04-05T20:10:33+0530 - 0.00 B
2016-04-05 14:40:35.368+0000 INFO  [o.n.k.i.DiagnosticsManager]   - Total: 2016-04-05T20:10:33+0530 - 0.00 B
2016-04-05 14:40:35.369+0000 INFO  [o.n.k.i.DiagnosticsManager]   store_lock: 2016-04-05T20:10:26+0530 - 0.00 B
2016-04-05 14:40:35.369+0000 INFO  [o.n.k.i.DiagnosticsManager] --- STARTED diagnostics for KernelDiagnostics:StoreFiles END ---
2016-04-05 14:40:38.420+0000 INFO  [o.n.k.i.DiagnosticsManager] --- SERVER STARTED START ---
2016-04-05 14:40:42.047+0000 INFO  [o.n.k.i.DiagnosticsManager] --- SERVER STARTED END ---
2016-04-05 14:45:53.557+0000 INFO  [o.n.k.i.t.l.c.CheckPointerImpl] Check Pointing triggered by scheduler for time threshold [5]:  Starting check pointing...
2016-04-05 14:45:53.558+0000 INFO  [o.n.k.i.t.l.c.CheckPointerImpl] Check Pointing triggered by scheduler for time threshold [5]:  Starting store flush...
2016-04-05 14:45:53.741+0000 INFO  [o.n.k.i.s.c.CountsTracker] About to rotate counts store at transaction 5 to [G:\OneDrive\My Projects\FinalYearProject\Code\FinalProject\data\neoDataMillion\neostore.counts.db.b], from [G:\OneDrive\My Projects\FinalYearProject\Code\FinalProject\data\neoDataMillion\neostore.counts.db.a].
2016-04-05 14:45:53.749+0000 INFO  [o.n.k.i.s.c.CountsTracker] Successfully rotated counts store at transaction 5 to [G:\OneDrive\My Projects\FinalYearProject\Code\FinalProject\data\neoDataMillion\neostore.counts.db.b], from [G:\OneDrive\My Projects\FinalYearProject\Code\FinalProject\data\neoDataMillion\neostore.counts.db.a].
2016-04-05 14:45:53.964+0000 INFO  [o.n.k.i.t.l.c.CheckPointerImpl] Check Pointing triggered by scheduler for time threshold [5]:  Store flush completed
2016-04-05 14:45:53.965+0000 INFO  [o.n.k.i.t.l.c.CheckPointerImpl] Check Pointing triggered by scheduler for time threshold [5]:  Starting appending check point entry into the tx log...
2016-04-05 14:45:53.999+0000 INFO  [o.n.k.i.t.l.c.CheckPointerImpl] Check Pointing triggered by scheduler for time threshold [5]:  Appending check point entry into the tx log completed
2016-04-05 14:45:53.999+0000 INFO  [o.n.k.i.t.l.c.CheckPointerImpl] Check Pointing triggered by scheduler for time threshold [5]:  Check pointing completed
2016-04-05 14:45:53.999+0000 INFO  [o.n.k.i.t.l.p.LogPruningImpl] Log Rotation [0]:  Starting log pruning.
2016-04-05 14:45:54.000+0000 INFO  [o.n.k.i.t.l.p.LogPruningImpl] Log Rotation [0]:  Log pruning complete.
2016-04-05 14:49:11.327+0000 WARN  [o.n.k.i.c.MonitorGc] GC Monitor: Application threads blocked for 216ms.
2016-04-05 14:49:17.426+0000 WARN  [o.n.k.i.c.MonitorGc] GC Monitor: Application threads blocked for 287ms.
2016-04-05 14:49:21.920+0000 WARN  [o.n.k.i.c.MonitorGc] GC Monitor: Application threads blocked for 204ms.
2016-04-05 14:49:41.386+0000 WARN  [o.n.k.i.c.MonitorGc] GC Monitor: Application threads blocked for 1333ms.
2016-04-05 14:49:42.580+0000 WARN  [o.n.k.i.c.MonitorGc] GC Monitor: Application threads blocked for 204ms.
2016-04-05 14:49:55.484+0000 WARN  [o.n.k.i.c.MonitorGc] GC Monitor: Application threads blocked for 1354ms.
2016-04-05 14:50:05.192+0000 WARN  [o.n.k.i.c.MonitorGc] GC Monitor: Application threads blocked for 1213ms.
2016-04-05 14:50:17.324+0000 WARN  [o.n.k.i.c.MonitorGc] GC Monitor: Application threads blocked for 611ms.
2016-04-05 14:50:29.315+0000 WARN  [o.n.k.i.c.MonitorGc] GC Monitor: Application threads blocked for 11658ms.
2016-04-05 14:50:42.210+0000 WARN  [o.n.k.i.c.MonitorGc] GC Monitor: Application threads blocked for 12604ms.
2016-04-05 14:50:54.749+0000 WARN  [o.n.k.i.c.MonitorGc] GC Monitor: Application threads blocked for 12192ms.
2016-04-05 14:51:08.093+0000 WARN  [o.n.k.i.c.MonitorGc] GC Monitor: Application threads blocked for 13243ms.
2016-04-05 14:51:20.049+0000 WARN  [o.n.k.i.c.MonitorGc] GC Monitor: Application threads blocked for 11855ms.
2016-04-05 14:51:31.982+0000 WARN  [o.n.k.i.c.MonitorGc] GC Monitor: Application threads blocked for 11527ms.
2016-04-05 14:51:42.498+0000 WARN  [o.n.k.i.c.MonitorGc] GC Monitor: Application threads blocked for 10415ms.
2016-04-05 14:51:54.390+0000 WARN  [o.n.k.i.c.MonitorGc] GC Monitor: Application threads blocked for 11791ms.
2016-04-05 14:52:06.522+0000 WARN  [o.n.k.i.c.MonitorGc] GC Monitor: Application threads blocked for 11731ms.
2016-04-05 14:52:19.012+0000 WARN  [o.n.k.i.c.MonitorGc] GC Monitor: Application threads blocked for 12389ms.
2016-04-05 14:52:30.388+0000 WARN  [o.n.k.i.c.MonitorGc] GC Monitor: Application threads blocked for 11275ms.
2016-04-05 14:52:52.604+0000 WARN  [o.n.k.i.c.MonitorGc] GC Monitor: Application threads blocked for 12358ms.
